<?xml version="1.0" encoding="UTF-8"?>
<testsuite name="kr.co.fastcampus.eatgo.interfaces.RestaurantControllerTest" tests="1" skipped="0" failures="0" errors="0" timestamp="2020-02-20T09:16:09" hostname="DESKTOP-K8OB8RS" time="0.524">
  <properties/>
  <testcase name="updateWithoutName()" classname="kr.co.fastcampus.eatgo.interfaces.RestaurantControllerTest" time="0.524"/>
  <system-out><![CDATA[18:16:04.456 [Test worker] DEBUG org.springframework.test.context.BootstrapUtils - Instantiating CacheAwareContextLoaderDelegate from class [org.springframework.test.context.cache.DefaultCacheAwareContextLoaderDelegate]
18:16:04.482 [Test worker] DEBUG org.springframework.test.context.BootstrapUtils - Instantiating BootstrapContext using constructor [public org.springframework.test.context.support.DefaultBootstrapContext(java.lang.Class,org.springframework.test.context.CacheAwareContextLoaderDelegate)]
18:16:04.536 [Test worker] DEBUG org.springframework.test.context.BootstrapUtils - Instantiating TestContextBootstrapper for test class [kr.co.fastcampus.eatgo.interfaces.RestaurantControllerTest] from class [org.springframework.boot.test.autoconfigure.web.servlet.WebMvcTestContextBootstrapper]
18:16:04.561 [Test worker] INFO org.springframework.boot.test.autoconfigure.web.servlet.WebMvcTestContextBootstrapper - Neither @ContextConfiguration nor @ContextHierarchy found for test class [kr.co.fastcampus.eatgo.interfaces.RestaurantControllerTest], using SpringBootContextLoader
18:16:04.568 [Test worker] DEBUG org.springframework.test.context.support.AbstractContextLoader - Did not detect default resource location for test class [kr.co.fastcampus.eatgo.interfaces.RestaurantControllerTest]: class path resource [kr/co/fastcampus/eatgo/interfaces/RestaurantControllerTest-context.xml] does not exist
18:16:04.569 [Test worker] DEBUG org.springframework.test.context.support.AbstractContextLoader - Did not detect default resource location for test class [kr.co.fastcampus.eatgo.interfaces.RestaurantControllerTest]: class path resource [kr/co/fastcampus/eatgo/interfaces/RestaurantControllerTestContext.groovy] does not exist
18:16:04.570 [Test worker] INFO org.springframework.test.context.support.AbstractContextLoader - Could not detect default resource locations for test class [kr.co.fastcampus.eatgo.interfaces.RestaurantControllerTest]: no resource found for suffixes {-context.xml, Context.groovy}.
18:16:04.571 [Test worker] INFO org.springframework.test.context.support.AnnotationConfigContextLoaderUtils - Could not detect default configuration classes for test class [kr.co.fastcampus.eatgo.interfaces.RestaurantControllerTest]: RestaurantControllerTest does not declare any static, non-private, non-final, nested classes annotated with @Configuration.
18:16:04.677 [Test worker] DEBUG org.springframework.test.context.support.ActiveProfilesUtils - Could not find an 'annotation declaring class' for annotation type [org.springframework.test.context.ActiveProfiles] and class [kr.co.fastcampus.eatgo.interfaces.RestaurantControllerTest]
18:16:04.828 [Test worker] DEBUG org.springframework.context.annotation.ClassPathScanningCandidateComponentProvider - Identified candidate component class: file [C:\Users\JungHo_Lee\Desktop\SpringBoot-Project\eatgo-api\build\classes\java\main\kr\co\fastcampus\eatgo\EatgoApplication.class]
18:16:04.831 [Test worker] INFO org.springframework.boot.test.context.SpringBootTestContextBootstrapper - Found @SpringBootConfiguration kr.co.fastcampus.eatgo.EatgoApplication for test class kr.co.fastcampus.eatgo.interfaces.RestaurantControllerTest
18:16:04.834 [Test worker] DEBUG org.springframework.boot.test.autoconfigure.web.servlet.WebMvcTestContextBootstrapper - @TestExecutionListeners is not present for class [kr.co.fastcampus.eatgo.interfaces.RestaurantControllerTest]: using defaults.
18:16:04.836 [Test worker] INFO org.springframework.boot.test.autoconfigure.web.servlet.WebMvcTestContextBootstrapper - Loaded default TestExecutionListener class names from location [META-INF/spring.factories]: [org.springframework.boot.test.autoconfigure.restdocs.RestDocsTestExecutionListener, org.springframework.boot.test.autoconfigure.web.client.MockRestServiceServerResetTestExecutionListener, org.springframework.boot.test.autoconfigure.web.servlet.MockMvcPrintOnlyOnFailureTestExecutionListener, org.springframework.boot.test.autoconfigure.web.servlet.WebDriverTestExecutionListener, org.springframework.boot.test.mock.mockito.MockitoTestExecutionListener, org.springframework.boot.test.mock.mockito.ResetMocksTestExecutionListener, org.springframework.test.context.web.ServletTestExecutionListener, org.springframework.test.context.support.DirtiesContextBeforeModesTestExecutionListener, org.springframework.test.context.support.DependencyInjectionTestExecutionListener, org.springframework.test.context.support.DirtiesContextTestExecutionListener, org.springframework.test.context.transaction.TransactionalTestExecutionListener, org.springframework.test.context.jdbc.SqlScriptsTestExecutionListener, org.springframework.test.context.event.EventPublishingTestExecutionListener]
18:16:04.866 [Test worker] INFO org.springframework.boot.test.autoconfigure.web.servlet.WebMvcTestContextBootstrapper - Using TestExecutionListeners: [org.springframework.test.context.web.ServletTestExecutionListener@411ee25b, org.springframework.test.context.support.DirtiesContextBeforeModesTestExecutionListener@1e865d8a, org.springframework.boot.test.mock.mockito.MockitoTestExecutionListener@1c43fb9, org.springframework.boot.test.autoconfigure.SpringBootDependencyInjectionTestExecutionListener@37c5ecc3, org.springframework.test.context.support.DirtiesContextTestExecutionListener@1ffdc5a, org.springframework.test.context.transaction.TransactionalTestExecutionListener@2db9bbe2, org.springframework.test.context.jdbc.SqlScriptsTestExecutionListener@d20701b, org.springframework.test.context.event.EventPublishingTestExecutionListener@159b3688, org.springframework.boot.test.autoconfigure.restdocs.RestDocsTestExecutionListener@6a79356d, org.springframework.boot.test.autoconfigure.web.client.MockRestServiceServerResetTestExecutionListener@afff56b, org.springframework.boot.test.autoconfigure.web.servlet.MockMvcPrintOnlyOnFailureTestExecutionListener@4d1ec87, org.springframework.boot.test.autoconfigure.web.servlet.WebDriverTestExecutionListener@48b2b5e3, org.springframework.boot.test.mock.mockito.ResetMocksTestExecutionListener@6bc333c5]
18:16:04.873 [Test worker] DEBUG org.springframework.test.context.support.AbstractDirtiesContextTestExecutionListener - Before test class: context [DefaultTestContext@22c54993 testClass = RestaurantControllerTest, testInstance = [null], testMethod = [null], testException = [null], mergedContextConfiguration = [WebMergedContextConfiguration@1920122c testClass = RestaurantControllerTest, locations = '{}', classes = '{class kr.co.fastcampus.eatgo.EatgoApplication}', contextInitializerClasses = '[]', activeProfiles = '{}', propertySourceLocations = '{}', propertySourceProperties = '{org.springframework.boot.test.autoconfigure.web.servlet.WebMvcTestContextBootstrapper=true}', contextCustomizers = set[org.springframework.boot.test.autoconfigure.OverrideAutoConfigurationContextCustomizerFactory$DisableAutoConfigurationContextCustomizer@1009e82a, org.springframework.boot.test.autoconfigure.filter.TypeExcludeFiltersContextCustomizer@363a63f3, org.springframework.boot.test.autoconfigure.properties.PropertyMappingContextCustomizer@41c460f1, org.springframework.boot.test.autoconfigure.web.servlet.WebDriverContextCustomizerFactory$Customizer@7eb37dfc, [ImportsContextCustomizer@ea501d8 key = [org.springframework.boot.autoconfigure.cache.CacheAutoConfiguration, org.springframework.boot.autoconfigure.context.MessageSourceAutoConfiguration, org.springframework.boot.autoconfigure.data.web.SpringDataWebAutoConfiguration, org.springframework.boot.autoconfigure.freemarker.FreeMarkerAutoConfiguration, org.springframework.boot.autoconfigure.groovy.template.GroovyTemplateAutoConfiguration, org.springframework.boot.autoconfigure.gson.GsonAutoConfiguration, org.springframework.boot.autoconfigure.hateoas.HypermediaAutoConfiguration, org.springframework.boot.autoconfigure.http.HttpMessageConvertersAutoConfiguration, org.springframework.boot.autoconfigure.jackson.JacksonAutoConfiguration, org.springframework.boot.autoconfigure.jsonb.JsonbAutoConfiguration, org.springframework.boot.autoconfigure.mustache.MustacheAutoConfiguration, org.springframework.boot.autoconfigure.task.TaskExecutionAutoConfiguration, org.springframework.boot.autoconfigure.thymeleaf.ThymeleafAutoConfiguration, org.springframework.boot.autoconfigure.validation.ValidationAutoConfiguration, org.springframework.boot.autoconfigure.web.servlet.error.ErrorMvcAutoConfiguration, org.springframework.boot.autoconfigure.web.servlet.WebMvcAutoConfiguration, org.springframework.boot.test.autoconfigure.web.servlet.MockMvcAutoConfiguration, org.springframework.boot.test.autoconfigure.web.servlet.MockMvcWebClientAutoConfiguration, org.springframework.boot.test.autoconfigure.web.servlet.MockMvcWebDriverAutoConfiguration, org.springframework.boot.autoconfigure.security.servlet.SecurityAutoConfiguration, org.springframework.boot.autoconfigure.security.servlet.UserDetailsServiceAutoConfiguration, org.springframework.boot.test.autoconfigure.web.servlet.MockMvcSecurityConfiguration]], org.springframework.boot.test.context.filter.ExcludeFilterContextCustomizer@27308189, org.springframework.boot.test.json.DuplicateJsonObjectContextCustomizerFactory$DuplicateJsonObjectContextCustomizer@5af6e879, org.springframework.boot.test.mock.mockito.MockitoContextCustomizer@bcd6b487], resourceBasePath = 'src/main/webapp', contextLoader = 'org.springframework.boot.test.context.SpringBootContextLoader', parent = [null]], attributes = map[[empty]]], class annotated with @DirtiesContext [false] with mode [null].
18:16:05.039 [Test worker] DEBUG org.springframework.test.context.support.TestPropertySourceUtils - Adding inlined properties to environment: {spring.jmx.enabled=false, org.springframework.boot.test.autoconfigure.web.servlet.WebMvcTestContextBootstrapper=true, server.port=-1}

  .   ____          _            __ _ _
 /\\ / ___'_ __ _ _(_)_ __  __ _ \ \ \ \
( ( )\___ | '_ | '_| | '_ \/ _` | \ \ \ \
 \\/  ___)| |_)| | | | | || (_| |  ) ) ) )
  '  |____| .__|_| |_|_| |_\__, | / / / /
 =========|_|==============|___/=/_/_/_/
 :: Spring Boot ::        (v2.2.3.RELEASE)

2020-02-20 18:16:05.651  INFO 9544 --- [    Test worker] k.c.f.e.i.RestaurantControllerTest       : Starting RestaurantControllerTest on DESKTOP-K8OB8RS with PID 9544 (started by JungHo_Lee in C:\Users\JungHo_Lee\Desktop\SpringBoot-Project\eatgo-api)
2020-02-20 18:16:05.655  INFO 9544 --- [    Test worker] k.c.f.e.i.RestaurantControllerTest       : No active profile set, falling back to default profiles: default
2020-02-20 18:16:09.037  INFO 9544 --- [    Test worker] o.s.s.concurrent.ThreadPoolTaskExecutor  : Initializing ExecutorService 'applicationTaskExecutor'
2020-02-20 18:16:09.625  INFO 9544 --- [    Test worker] o.s.b.t.m.w.SpringBootMockServletContext : Initializing Spring TestDispatcherServlet ''
2020-02-20 18:16:09.626  INFO 9544 --- [    Test worker] o.s.t.web.servlet.TestDispatcherServlet  : Initializing Servlet ''
2020-02-20 18:16:09.649  INFO 9544 --- [    Test worker] o.s.t.web.servlet.TestDispatcherServlet  : Completed initialization in 23 ms
2020-02-20 18:16:09.700  INFO 9544 --- [    Test worker] k.c.f.e.i.RestaurantControllerTest       : Started RestaurantControllerTest in 4.645 seconds (JVM running for 7.616)
2020-02-20 18:16:10.192  WARN 9544 --- [    Test worker] .w.s.m.s.DefaultHandlerExceptionResolver : Resolved [org.springframework.web.bind.MethodArgumentNotValidException: Validation failed for argument [1] in public java.lang.String kr.co.fastcampus.eatgo.interfaces.RestaurantController.update(java.lang.Long,kr.co.fastcampus.eatgo.domain.Restaurant): [Field error in object 'restaurant' on field 'name': rejected value []; codes [NotEmpty.restaurant.name,NotEmpty.name,NotEmpty.java.lang.String,NotEmpty]; arguments [org.springframework.context.support.DefaultMessageSourceResolvable: codes [restaurant.name,name]; arguments []; default message [name]]; default message [must not be empty]] ]
]]></system-out>
  <system-err><![CDATA[]]></system-err>
</testsuite>
