<?xml version="1.0" encoding="UTF-8"?>
<testsuite name="kr.co.fastcampus.eatgo.interfaces.RestaurantControllerTest" tests="4" skipped="0" failures="0" errors="0" timestamp="2020-02-18T13:16:06" hostname="DESKTOP-K8OB8RS" time="0.413">
  <properties/>
  <testcase name="create()" classname="kr.co.fastcampus.eatgo.interfaces.RestaurantControllerTest" time="0.316"/>
  <testcase name="detail()" classname="kr.co.fastcampus.eatgo.interfaces.RestaurantControllerTest" time="0.064"/>
  <testcase name="update()" classname="kr.co.fastcampus.eatgo.interfaces.RestaurantControllerTest" time="0.011"/>
  <testcase name="list()" classname="kr.co.fastcampus.eatgo.interfaces.RestaurantControllerTest" time="0.012"/>
  <system-out><![CDATA[22:16:01.972 [Test worker] DEBUG org.springframework.test.context.BootstrapUtils - Instantiating CacheAwareContextLoaderDelegate from class [org.springframework.test.context.cache.DefaultCacheAwareContextLoaderDelegate]
22:16:01.990 [Test worker] DEBUG org.springframework.test.context.BootstrapUtils - Instantiating BootstrapContext using constructor [public org.springframework.test.context.support.DefaultBootstrapContext(java.lang.Class,org.springframework.test.context.CacheAwareContextLoaderDelegate)]
22:16:02.037 [Test worker] DEBUG org.springframework.test.context.BootstrapUtils - Instantiating TestContextBootstrapper for test class [kr.co.fastcampus.eatgo.interfaces.RestaurantControllerTest] from class [org.springframework.boot.test.autoconfigure.web.servlet.WebMvcTestContextBootstrapper]
22:16:02.060 [Test worker] INFO org.springframework.boot.test.autoconfigure.web.servlet.WebMvcTestContextBootstrapper - Neither @ContextConfiguration nor @ContextHierarchy found for test class [kr.co.fastcampus.eatgo.interfaces.RestaurantControllerTest], using SpringBootContextLoader
22:16:02.065 [Test worker] DEBUG org.springframework.test.context.support.AbstractContextLoader - Did not detect default resource location for test class [kr.co.fastcampus.eatgo.interfaces.RestaurantControllerTest]: class path resource [kr/co/fastcampus/eatgo/interfaces/RestaurantControllerTest-context.xml] does not exist
22:16:02.066 [Test worker] DEBUG org.springframework.test.context.support.AbstractContextLoader - Did not detect default resource location for test class [kr.co.fastcampus.eatgo.interfaces.RestaurantControllerTest]: class path resource [kr/co/fastcampus/eatgo/interfaces/RestaurantControllerTestContext.groovy] does not exist
22:16:02.067 [Test worker] INFO org.springframework.test.context.support.AbstractContextLoader - Could not detect default resource locations for test class [kr.co.fastcampus.eatgo.interfaces.RestaurantControllerTest]: no resource found for suffixes {-context.xml, Context.groovy}.
22:16:02.069 [Test worker] INFO org.springframework.test.context.support.AnnotationConfigContextLoaderUtils - Could not detect default configuration classes for test class [kr.co.fastcampus.eatgo.interfaces.RestaurantControllerTest]: RestaurantControllerTest does not declare any static, non-private, non-final, nested classes annotated with @Configuration.
22:16:02.161 [Test worker] DEBUG org.springframework.test.context.support.ActiveProfilesUtils - Could not find an 'annotation declaring class' for annotation type [org.springframework.test.context.ActiveProfiles] and class [kr.co.fastcampus.eatgo.interfaces.RestaurantControllerTest]
22:16:02.279 [Test worker] DEBUG org.springframework.context.annotation.ClassPathScanningCandidateComponentProvider - Identified candidate component class: file [C:\Users\JungHo_Lee\Desktop\SpringBoot-Project\eatgo-api\build\classes\java\main\kr\co\fastcampus\eatgo\EatgoApplication.class]
22:16:02.281 [Test worker] INFO org.springframework.boot.test.context.SpringBootTestContextBootstrapper - Found @SpringBootConfiguration kr.co.fastcampus.eatgo.EatgoApplication for test class kr.co.fastcampus.eatgo.interfaces.RestaurantControllerTest
22:16:02.284 [Test worker] DEBUG org.springframework.boot.test.autoconfigure.web.servlet.WebMvcTestContextBootstrapper - @TestExecutionListeners is not present for class [kr.co.fastcampus.eatgo.interfaces.RestaurantControllerTest]: using defaults.
22:16:02.287 [Test worker] INFO org.springframework.boot.test.autoconfigure.web.servlet.WebMvcTestContextBootstrapper - Loaded default TestExecutionListener class names from location [META-INF/spring.factories]: [org.springframework.boot.test.autoconfigure.restdocs.RestDocsTestExecutionListener, org.springframework.boot.test.autoconfigure.web.client.MockRestServiceServerResetTestExecutionListener, org.springframework.boot.test.autoconfigure.web.servlet.MockMvcPrintOnlyOnFailureTestExecutionListener, org.springframework.boot.test.autoconfigure.web.servlet.WebDriverTestExecutionListener, org.springframework.boot.test.mock.mockito.MockitoTestExecutionListener, org.springframework.boot.test.mock.mockito.ResetMocksTestExecutionListener, org.springframework.test.context.web.ServletTestExecutionListener, org.springframework.test.context.support.DirtiesContextBeforeModesTestExecutionListener, org.springframework.test.context.support.DependencyInjectionTestExecutionListener, org.springframework.test.context.support.DirtiesContextTestExecutionListener, org.springframework.test.context.transaction.TransactionalTestExecutionListener, org.springframework.test.context.jdbc.SqlScriptsTestExecutionListener, org.springframework.test.context.event.EventPublishingTestExecutionListener]
22:16:02.319 [Test worker] INFO org.springframework.boot.test.autoconfigure.web.servlet.WebMvcTestContextBootstrapper - Using TestExecutionListeners: [org.springframework.test.context.web.ServletTestExecutionListener@5aa6b770, org.springframework.test.context.support.DirtiesContextBeforeModesTestExecutionListener@1c34b16c, org.springframework.boot.test.mock.mockito.MockitoTestExecutionListener@551fd83c, org.springframework.boot.test.autoconfigure.SpringBootDependencyInjectionTestExecutionListener@58946c9a, org.springframework.test.context.support.DirtiesContextTestExecutionListener@37665dcf, org.springframework.test.context.transaction.TransactionalTestExecutionListener@e60359e, org.springframework.test.context.jdbc.SqlScriptsTestExecutionListener@2595c256, org.springframework.test.context.event.EventPublishingTestExecutionListener@5e1e9ac2, org.springframework.boot.test.autoconfigure.restdocs.RestDocsTestExecutionListener@5b932ceb, org.springframework.boot.test.autoconfigure.web.client.MockRestServiceServerResetTestExecutionListener@54d03ec2, org.springframework.boot.test.autoconfigure.web.servlet.MockMvcPrintOnlyOnFailureTestExecutionListener@5f5cc17c, org.springframework.boot.test.autoconfigure.web.servlet.WebDriverTestExecutionListener@75be88df, org.springframework.boot.test.mock.mockito.ResetMocksTestExecutionListener@370806f7]
22:16:02.325 [Test worker] DEBUG org.springframework.test.context.support.AbstractDirtiesContextTestExecutionListener - Before test class: context [DefaultTestContext@4bb7656c testClass = RestaurantControllerTest, testInstance = [null], testMethod = [null], testException = [null], mergedContextConfiguration = [WebMergedContextConfiguration@446fd519 testClass = RestaurantControllerTest, locations = '{}', classes = '{class kr.co.fastcampus.eatgo.EatgoApplication}', contextInitializerClasses = '[]', activeProfiles = '{}', propertySourceLocations = '{}', propertySourceProperties = '{org.springframework.boot.test.autoconfigure.web.servlet.WebMvcTestContextBootstrapper=true}', contextCustomizers = set[org.springframework.boot.test.autoconfigure.OverrideAutoConfigurationContextCustomizerFactory$DisableAutoConfigurationContextCustomizer@4a694356, org.springframework.boot.test.autoconfigure.filter.TypeExcludeFiltersContextCustomizer@34b52fae, org.springframework.boot.test.autoconfigure.properties.PropertyMappingContextCustomizer@16db6c2, org.springframework.boot.test.autoconfigure.web.servlet.WebDriverContextCustomizerFactory$Customizer@43826545, [ImportsContextCustomizer@188f4abb key = [org.springframework.boot.autoconfigure.cache.CacheAutoConfiguration, org.springframework.boot.autoconfigure.context.MessageSourceAutoConfiguration, org.springframework.boot.autoconfigure.data.web.SpringDataWebAutoConfiguration, org.springframework.boot.autoconfigure.freemarker.FreeMarkerAutoConfiguration, org.springframework.boot.autoconfigure.groovy.template.GroovyTemplateAutoConfiguration, org.springframework.boot.autoconfigure.gson.GsonAutoConfiguration, org.springframework.boot.autoconfigure.hateoas.HypermediaAutoConfiguration, org.springframework.boot.autoconfigure.http.HttpMessageConvertersAutoConfiguration, org.springframework.boot.autoconfigure.jackson.JacksonAutoConfiguration, org.springframework.boot.autoconfigure.jsonb.JsonbAutoConfiguration, org.springframework.boot.autoconfigure.mustache.MustacheAutoConfiguration, org.springframework.boot.autoconfigure.task.TaskExecutionAutoConfiguration, org.springframework.boot.autoconfigure.thymeleaf.ThymeleafAutoConfiguration, org.springframework.boot.autoconfigure.validation.ValidationAutoConfiguration, org.springframework.boot.autoconfigure.web.servlet.error.ErrorMvcAutoConfiguration, org.springframework.boot.autoconfigure.web.servlet.WebMvcAutoConfiguration, org.springframework.boot.test.autoconfigure.web.servlet.MockMvcAutoConfiguration, org.springframework.boot.test.autoconfigure.web.servlet.MockMvcWebClientAutoConfiguration, org.springframework.boot.test.autoconfigure.web.servlet.MockMvcWebDriverAutoConfiguration, org.springframework.boot.autoconfigure.security.servlet.SecurityAutoConfiguration, org.springframework.boot.autoconfigure.security.servlet.UserDetailsServiceAutoConfiguration, org.springframework.boot.test.autoconfigure.web.servlet.MockMvcSecurityConfiguration]], org.springframework.boot.test.context.filter.ExcludeFilterContextCustomizer@559eecfe, org.springframework.boot.test.json.DuplicateJsonObjectContextCustomizerFactory$DuplicateJsonObjectContextCustomizer@2da6c947, org.springframework.boot.test.mock.mockito.MockitoContextCustomizer@55b132ee], resourceBasePath = 'src/main/webapp', contextLoader = 'org.springframework.boot.test.context.SpringBootContextLoader', parent = [null]], attributes = map[[empty]]], class annotated with @DirtiesContext [false] with mode [null].
22:16:02.502 [Test worker] DEBUG org.springframework.test.context.support.TestPropertySourceUtils - Adding inlined properties to environment: {spring.jmx.enabled=false, org.springframework.boot.test.autoconfigure.web.servlet.WebMvcTestContextBootstrapper=true, server.port=-1}

  .   ____          _            __ _ _
 /\\ / ___'_ __ _ _(_)_ __  __ _ \ \ \ \
( ( )\___ | '_ | '_| | '_ \/ _` | \ \ \ \
 \\/  ___)| |_)| | | | | || (_| |  ) ) ) )
  '  |____| .__|_| |_|_| |_\__, | / / / /
 =========|_|==============|___/=/_/_/_/
 :: Spring Boot ::        (v2.2.3.RELEASE)

2020-02-18 22:16:03.108  INFO 760 --- [    Test worker] k.c.f.e.i.RestaurantControllerTest       : Starting RestaurantControllerTest on DESKTOP-K8OB8RS with PID 760 (started by JungHo_Lee in C:\Users\JungHo_Lee\Desktop\SpringBoot-Project\eatgo-api)
2020-02-18 22:16:03.113  INFO 760 --- [    Test worker] k.c.f.e.i.RestaurantControllerTest       : No active profile set, falling back to default profiles: default
2020-02-18 22:16:05.498  INFO 760 --- [    Test worker] o.s.s.concurrent.ThreadPoolTaskExecutor  : Initializing ExecutorService 'applicationTaskExecutor'
2020-02-18 22:16:05.920  INFO 760 --- [    Test worker] o.s.b.t.m.w.SpringBootMockServletContext : Initializing Spring TestDispatcherServlet ''
2020-02-18 22:16:05.920  INFO 760 --- [    Test worker] o.s.t.web.servlet.TestDispatcherServlet  : Initializing Servlet ''
2020-02-18 22:16:05.944  INFO 760 --- [    Test worker] o.s.t.web.servlet.TestDispatcherServlet  : Completed initialization in 23 ms
2020-02-18 22:16:05.994  INFO 760 --- [    Test worker] k.c.f.e.i.RestaurantControllerTest       : Started RestaurantControllerTest in 3.473 seconds (JVM running for 6.329)
]]></system-out>
  <system-err><![CDATA[]]></system-err>
</testsuite>
