<?xml version="1.0" encoding="UTF-8"?>
<testsuite name="kr.co.fastcampus.eatgo.domain.RestaurantRepositoryImplTest" tests="1" skipped="0" failures="0" errors="0" timestamp="2020-01-30T11:06:09" hostname="DESKTOP-K8OB8RS" time="0.019">
  <properties/>
  <testcase name="save()" classname="kr.co.fastcampus.eatgo.domain.RestaurantRepositoryImplTest" time="0.019"/>
  <system-out><![CDATA[]]></system-out>
  <system-err><![CDATA[]]></system-err>
</testsuite>
