<?xml version="1.0" encoding="UTF-8"?>
<testsuite name="kr.co.fastcampus.eatgo.application.RestaurantServiceTest" tests="1" skipped="0" failures="0" errors="0" timestamp="2020-01-26T11:15:51" hostname="DESKTOP-K8OB8RS" time="0.013">
  <properties/>
  <testcase name="getRestaurnat()" classname="kr.co.fastcampus.eatgo.application.RestaurantServiceTest" time="0.013"/>
  <system-out><![CDATA[]]></system-out>
  <system-err><![CDATA[]]></system-err>
</testsuite>
